Building DAG of jobs...
Using shell: /bin/bash
Provided cores: 1
Rules claiming more threads will be scaled down.
Job counts:
	count	jobs
	1	all
	1	bcftools_call
	1	plot_quals
	2	samtools_index
	2	samtools_sort
	7

[Tue Dec 25 13:49:36 2018]
rule samtools_sort:
    input: mapped_reads/B.bam
    output: sorted_reads/B.bam
    jobid: 3
    wildcards: sample=B

[Tue Dec 25 13:49:36 2018]
Finished job 3.
1 of 7 steps (14%) done

[Tue Dec 25 13:49:36 2018]
rule samtools_sort:
    input: mapped_reads/A.bam
    output: sorted_reads/A.bam
    jobid: 4
    wildcards: sample=A

[Tue Dec 25 13:49:36 2018]
Finished job 4.
2 of 7 steps (29%) done

[Tue Dec 25 13:49:36 2018]
rule samtools_index:
    input: sorted_reads/B.bam
    output: sorted_reads/B.bam.bai
    jobid: 6
    wildcards: sample=B

[Tue Dec 25 13:49:36 2018]
Finished job 6.
3 of 7 steps (43%) done

[Tue Dec 25 13:49:36 2018]
rule samtools_index:
    input: sorted_reads/A.bam
    output: sorted_reads/A.bam.bai
    jobid: 5
    wildcards: sample=A

[Tue Dec 25 13:49:36 2018]
Finished job 5.
4 of 7 steps (57%) done

[Tue Dec 25 13:49:36 2018]
rule bcftools_call:
    input: data/genome.fa, sorted_reads/A.bam, sorted_reads/B.bam, sorted_reads/A.bam.bai, sorted_reads/B.bam.bai
    output: calls/all.vcf
    jobid: 2

[Tue Dec 25 13:49:37 2018]
Finished job 2.
5 of 7 steps (71%) done

[Tue Dec 25 13:49:37 2018]
rule plot_quals:
    input: calls/all.vcf
    output: plots/quals.svg
    jobid: 1

[Tue Dec 25 13:50:10 2018]
Finished job 1.
6 of 7 steps (86%) done

[Tue Dec 25 13:50:10 2018]
localrule all:
    input: plots/quals.svg
    jobid: 0

[Tue Dec 25 13:50:10 2018]
Finished job 0.
7 of 7 steps (100%) done
Complete log: /Users/luigi/Desktop/snakemake-tutorial/.snakemake/log/2018-12-25T134936.367719.snakemake.log
